
Gurobi 6.0.3 (win64) logging started 02/14/16 10:34:02


Gurobi 6.0.3 (win64) logging started 02/14/16 10:35:08


Gurobi 6.0.3 (win64) logging started 02/14/16 10:35:59


Gurobi 6.0.3 (win64) logging started 02/14/16 10:48:30


Gurobi 6.0.3 (win64) logging started 02/14/16 10:49:46


Gurobi 6.0.3 (win64) logging started 02/14/16 11:10:51


Gurobi 6.0.3 (win64) logging started 02/14/16 11:14:56


Gurobi 6.0.3 (win64) logging started 02/14/16 11:40:31


Gurobi 6.0.3 (win64) logging started 02/14/16 11:42:07


Gurobi 6.0.3 (win64) logging started 02/14/16 12:11:16


Gurobi 6.0.3 (win64) logging started 02/14/16 15:44:06


Gurobi 6.0.3 (win64) logging started 02/14/16 16:16:30


Gurobi 6.0.3 (win64) logging started 02/14/16 16:38:29


Gurobi 6.0.3 (win64) logging started 02/14/16 16:53:56


Gurobi 6.0.3 (win64) logging started 02/14/16 16:54:59


Gurobi 6.0.3 (win64) logging started 02/14/16 16:57:28


Gurobi 6.0.3 (win64) logging started 02/14/16 17:00:35


Gurobi 6.0.3 (win64) logging started 02/14/16 17:03:55


Gurobi 6.0.3 (win64) logging started 02/14/16 17:05:18


Gurobi 6.0.3 (win64) logging started 02/14/16 17:06:39


Gurobi 6.0.3 (win64) logging started 02/14/16 17:54:11


Gurobi 6.0.3 (win64) logging started 02/14/16 17:54:36


Gurobi 6.0.3 (win64) logging started 02/14/16 18:00:07


Gurobi 6.0.3 (win64) logging started 02/15/16 09:45:45


Gurobi 6.0.3 (win64) logging started 02/15/16 10:49:27


Gurobi 6.0.3 (win64) logging started 02/15/16 10:52:17


Gurobi 6.0.3 (win64) logging started 02/15/16 10:53:34


Gurobi 6.0.3 (win64) logging started 02/15/16 10:56:53


Gurobi 6.0.3 (win64) logging started 02/15/16 10:56:59


Gurobi 6.0.3 (win64) logging started 02/15/16 10:59:14


Gurobi 6.0.3 (win64) logging started 02/15/16 11:49:06


Gurobi 6.0.3 (win64) logging started 02/15/16 11:49:26


Gurobi 6.0.3 (win64) logging started 02/15/16 11:49:50


Gurobi 6.0.3 (win64) logging started 02/15/16 11:50:31


Gurobi 6.0.3 (win64) logging started 02/15/16 11:53:45


Gurobi 6.0.3 (win64) logging started 02/15/16 11:54:22


Gurobi 6.0.3 (win64) logging started 02/15/16 11:55:52


Gurobi 6.0.3 (win64) logging started 02/15/16 11:56:43


Gurobi 6.0.3 (win64) logging started 02/15/16 11:56:55


Gurobi 6.0.3 (win64) logging started 02/15/16 12:13:48


Gurobi 6.0.3 (win64) logging started 02/15/16 12:16:49


Gurobi 6.0.3 (win64) logging started 02/15/16 12:23:03


Gurobi 6.0.3 (win64) logging started 02/15/16 12:26:10


Gurobi 6.0.3 (win64) logging started 02/15/16 12:26:50


Gurobi 6.0.3 (win64) logging started 02/15/16 12:27:03


Gurobi 6.0.3 (win64) logging started 02/15/16 12:28:50


Gurobi 6.0.3 (win64) logging started 02/15/16 12:33:10


Gurobi 6.0.3 (win64) logging started 02/15/16 12:35:42


Gurobi 6.0.3 (win64) logging started 02/15/16 12:39:43


Gurobi 6.0.3 (win64) logging started 02/15/16 12:40:32


Gurobi 6.0.3 (win64) logging started 02/15/16 12:43:24


Gurobi 6.0.3 (win64) logging started 02/15/16 12:45:05


Gurobi 6.0.3 (win64) logging started 02/15/16 12:47:46


Gurobi 6.0.3 (win64) logging started 02/15/16 12:49:59


Gurobi 6.0.3 (win64) logging started 02/15/16 13:08:57


Gurobi 6.0.3 (win64) logging started 02/15/16 13:13:08


Gurobi 6.0.3 (win64) logging started 02/15/16 13:13:14


Gurobi 6.0.3 (win64) logging started 02/15/16 13:18:19


Gurobi 6.0.3 (win64) logging started 02/15/16 13:23:35


Gurobi 6.0.3 (win64) logging started 02/15/16 13:28:40


Gurobi 6.0.3 (win64) logging started 02/15/16 13:56:15


Gurobi 6.0.3 (win64) logging started 02/15/16 13:58:50


Gurobi 6.0.3 (win64) logging started 02/15/16 14:04:44


Gurobi 6.0.3 (win64) logging started 02/15/16 14:07:47


Gurobi 6.0.3 (win64) logging started 02/15/16 14:12:03


Gurobi 6.0.3 (win64) logging started 02/15/16 14:13:51


Gurobi 6.0.3 (win64) logging started 02/15/16 14:24:05


Gurobi 6.0.3 (win64) logging started 02/15/16 14:26:02


Gurobi 6.0.3 (win64) logging started 02/15/16 14:38:03


Gurobi 6.0.3 (win64) logging started 02/15/16 14:38:44


Gurobi 6.0.3 (win64) logging started 02/15/16 14:41:53


Gurobi 6.0.3 (win64) logging started 02/15/16 14:42:09


Gurobi 6.0.3 (win64) logging started 02/15/16 14:45:57


Gurobi 6.0.3 (win64) logging started 02/15/16 14:47:08


Gurobi 6.0.3 (win64) logging started 02/15/16 14:47:18


Gurobi 6.0.3 (win64) logging started 02/15/16 14:47:41


Gurobi 6.0.3 (win64) logging started 02/15/16 14:48:29


Gurobi 6.0.3 (win64) logging started 02/15/16 14:48:33


Gurobi 6.0.3 (win64) logging started 02/15/16 14:49:22


Gurobi 6.0.3 (win64) logging started 02/15/16 14:53:29


Gurobi 6.0.3 (win64) logging started 02/15/16 15:01:31


Gurobi 6.0.3 (win64) logging started 02/15/16 15:01:57


Gurobi 6.0.3 (win64) logging started 02/15/16 15:15:32


Gurobi 6.0.3 (win64) logging started 02/15/16 15:16:16


Gurobi 6.0.3 (win64) logging started 02/15/16 15:16:29


Gurobi 6.0.3 (win64) logging started 02/15/16 15:17:08


Gurobi 6.0.3 (win64) logging started 02/15/16 15:18:31


Gurobi 6.0.3 (win64) logging started 02/15/16 15:19:28


Gurobi 6.0.3 (win64) logging started 02/15/16 15:21:02


Gurobi 6.0.3 (win64) logging started 02/15/16 15:21:35


Gurobi 6.0.3 (win64) logging started 02/15/16 15:23:23


Gurobi 6.0.3 (win64) logging started 02/15/16 15:23:44


Gurobi 6.0.3 (win64) logging started 02/15/16 15:28:11


Gurobi 6.0.3 (win64) logging started 02/15/16 15:28:53


Gurobi 6.0.3 (win64) logging started 02/15/16 16:28:24


Gurobi 6.0.3 (win64) logging started 02/15/16 16:30:05


Gurobi 6.0.3 (win64) logging started 02/21/16 09:47:10


Gurobi 6.0.3 (win64) logging started 02/21/16 09:48:19


Gurobi 6.0.3 (win64) logging started 02/21/16 09:48:28


Gurobi 6.0.3 (win64) logging started 02/21/16 10:00:09


Gurobi 6.0.3 (win64) logging started 02/21/16 10:00:14


Gurobi 6.0.3 (win64) logging started 02/21/16 10:10:29


Gurobi 6.0.3 (win64) logging started 02/21/16 10:13:17


Gurobi 6.0.3 (win64) logging started 02/21/16 10:20:13


Gurobi 6.0.3 (win64) logging started 02/21/16 10:20:55


Gurobi 6.0.3 (win64) logging started 02/21/16 10:21:16


Gurobi 6.0.3 (win64) logging started 02/21/16 10:25:30


Gurobi 6.0.3 (win64) logging started 02/21/16 11:29:42


Gurobi 6.0.3 (win64) logging started 02/21/16 11:46:29


Gurobi 6.0.3 (win64) logging started 02/21/16 13:12:46


Gurobi 6.0.3 (win64) logging started 02/21/16 13:22:57


Gurobi 6.0.3 (win64) logging started 02/21/16 13:24:07


Gurobi 6.0.3 (win64) logging started 02/21/16 13:31:09


Gurobi 6.0.3 (win64) logging started 02/21/16 13:31:36


Gurobi 6.0.3 (win64) logging started 02/21/16 13:31:51


Gurobi 6.0.3 (win64) logging started 02/21/16 13:32:29


Gurobi 6.0.3 (win64) logging started 02/21/16 13:32:53


Gurobi 6.0.3 (win64) logging started 02/21/16 13:35:31


Gurobi 6.0.3 (win64) logging started 02/21/16 13:36:02


Gurobi 6.0.3 (win64) logging started 02/21/16 13:38:16


Gurobi 6.0.3 (win64) logging started 02/21/16 13:39:59


Gurobi 6.0.3 (win64) logging started 02/21/16 13:41:05


Gurobi 6.0.3 (win64) logging started 02/21/16 14:15:54


Gurobi 6.0.3 (win64) logging started 02/21/16 14:16:37


Gurobi 6.0.3 (win64) logging started 02/21/16 14:17:10


Gurobi 6.0.3 (win64) logging started 02/21/16 14:17:16


Gurobi 6.0.3 (win64) logging started 02/21/16 14:18:43


Gurobi 6.0.3 (win64) logging started 02/21/16 14:20:56


Gurobi 6.0.3 (win64) logging started 02/21/16 14:22:13


Gurobi 6.0.3 (win64) logging started 02/21/16 14:23:07


Gurobi 6.0.3 (win64) logging started 02/21/16 14:28:41


Gurobi 6.0.3 (win64) logging started 02/21/16 14:28:46


Gurobi 6.0.3 (win64) logging started 02/21/16 14:29:55


Gurobi 6.0.3 (win64) logging started 02/21/16 14:30:28


Gurobi 6.0.3 (win64) logging started 02/21/16 14:31:11


Gurobi 6.0.3 (win64) logging started 02/21/16 14:31:25


Gurobi 6.0.3 (win64) logging started 02/21/16 14:32:25


Gurobi 6.0.3 (win64) logging started 02/21/16 14:33:02


Gurobi 6.0.3 (win64) logging started 02/21/16 14:33:10


Gurobi 6.0.3 (win64) logging started 02/21/16 14:33:23


Gurobi 6.0.3 (win64) logging started 02/21/16 14:34:47


Gurobi 6.0.3 (win64) logging started 02/21/16 14:57:38


Gurobi 6.0.3 (win64) logging started 02/21/16 15:04:52


Gurobi 6.0.3 (win64) logging started 02/21/16 15:05:21


Gurobi 6.0.3 (win64) logging started 02/21/16 15:06:06


Gurobi 6.0.3 (win64) logging started 02/21/16 15:06:35


Gurobi 6.0.3 (win64) logging started 02/21/16 15:09:13


Gurobi 6.0.3 (win64) logging started 02/21/16 15:10:58


Gurobi 6.0.3 (win64) logging started 02/21/16 15:11:22


Gurobi 6.0.3 (win64) logging started 02/21/16 15:13:22


Gurobi 6.0.3 (win64) logging started 02/21/16 15:14:37


Gurobi 6.0.3 (win64) logging started 02/21/16 15:22:49


Gurobi 6.0.3 (win64) logging started 02/21/16 15:24:59


Gurobi 6.0.3 (win64) logging started 02/21/16 15:25:20


Gurobi 6.0.3 (win64) logging started 02/21/16 15:26:15


Gurobi 6.0.3 (win64) logging started 02/21/16 15:26:25

Optimize a model with 53391 rows, 532020 columns and 1193220 nonzeros
Coefficient statistics:
  Matrix range    [1e+00, 1e+00]
  Objective range [7e+00, 3e+03]
  Bounds range    [1e+00, 1e+00]
  RHS range       [1e+00, 3e+00]
Found heuristic solution: objective -119210
Presolve removed 45600 rows and 456000 columns
Presolve time: 2.62s
Presolved: 7791 rows, 76020 columns, 235620 nonzeros
Variable types: 0 continuous, 76020 integer (76020 binary)

Root relaxation: objective -4.274586e+04, 4022 iterations, 0.76 seconds

    Nodes    |    Current Node    |     Objective Bounds      |     Work
 Expl Unexpl |  Obj  Depth IntInf | Incumbent    BestBd   Gap | It/Node Time

     0     0 -42745.860    0  386 -119209.67 -42745.860  64.1%     -    4s
H    0     0                    -61714.87376 -42745.860  30.7%     -    4s
H    0     0                    -56358.78405 -42745.860  24.2%     -    4s
     0     0 -45101.426    0  730 -56358.784 -45101.426  20.0%     -    6s
H    0     0                    -47734.88290 -45101.426  5.52%     -    7s
     0     0 -45684.020    0  252 -47734.883 -45684.020  4.30%     -    8s
H    0     0                    -46388.31160 -45684.020  1.52%     -    9s
     0     0 -45742.445    0  142 -46388.312 -45742.445  1.39%     -   11s
     0     0 -45742.445    0   90 -46388.312 -45742.445  1.39%     -   17s
     0     0 -46009.463    0  485 -46388.312 -46009.463  0.82%     -   17s
     0     0 -46009.463    0   86 -46388.312 -46009.463  0.82%     -   18s
     0     0 -46010.636    0  395 -46388.312 -46010.636  0.81%     -   18s
     0     0 -46239.216    0  378 -46388.312 -46239.216  0.32%     -   18s
     0     0 -46239.216    0   86 -46388.312 -46239.216  0.32%     -   18s
     0     0 -46239.216    0  301 -46388.312 -46239.216  0.32%     -   18s
     0     0 -46308.804    0  363 -46388.312 -46308.804  0.17%     -   18s
     0     0 -46308.804    0   96 -46388.312 -46308.804  0.17%     -   18s
     0     0 -46333.294    0  306 -46388.312 -46333.294  0.12%     -   18s
     0     0     cutoff    0      -46388.312 -46388.312  0.00%     -   18s

Cutting planes:
  Gomory: 12
  Clique: 3
  Zero half: 3

Explored 0 nodes (27372 simplex iterations) in 19.06 seconds
Thread count was 4 (of 4 available processors)

Optimal solution found (tolerance 1.00e-04)
Best objective -4.638831159912e+04, best bound -4.638831159912e+04, gap 0.0%

Gurobi 6.0.3 (win64) logging started 02/21/16 15:28:52

Optimize a model with 183136 rows, 2740530 columns and 6055230 nonzeros
Coefficient statistics:
  Matrix range    [1e+00, 1e+00]
  Objective range [5e+00, 3e+03]
  Bounds range    [1e+00, 1e+00]
  RHS range       [1e+00, 3e+00]
Found heuristic solution: objective -113067
Presolve removed 156600 rows and 2349000 columns (presolve time = 5s) ...
Presolve removed 156600 rows and 2349000 columns (presolve time = 10s) ...
Presolve removed 156600 rows and 2349000 columns (presolve time = 15s) ...
Presolve removed 156600 rows and 2349000 columns
Presolve time: 18.86s
Presolved: 26536 rows, 391530 columns, 1200630 nonzeros
Variable types: 0 continuous, 391530 integer (391530 binary)

Root simplex log...

Iteration    Objective       Primal Inf.    Dual Inf.      Time
       0    0.0000000e+00   4.380000e+02   0.000000e+00     21s
    9156   -4.3905080e+04   8.775833e+02   0.000000e+00     25s
   16046   -4.4725578e+04   1.830000e+02   0.000000e+00     30s
   22056   -4.4990780e+04   0.000000e+00   0.000000e+00     35s

Root relaxation: objective -4.499078e+04, 22056 iterations, 14.77 seconds
Total elapsed time = 40.11s

    Nodes    |    Current Node    |     Objective Bounds      |     Work
 Expl Unexpl |  Obj  Depth IntInf | Incumbent    BestBd   Gap | It/Node Time

     0     0 -44990.780    0 1383 -113066.70 -44990.780  60.2%     -   42s
H    0     0                    -55104.51684 -44990.780  18.4%     -   44s
H    0     0                    -55055.69994 -44990.780  18.3%     -   61s
     0     0 -47377.777    0 4175 -55055.700 -47377.777  13.9%     -   90s
     0     0 -49359.802    0 3937 -55055.700 -49359.802  10.3%     -  175s
H    0     0                    -51695.87725 -49359.802  4.52%     -  178s
     0     0 -49712.476    0 2951 -51695.877 -49712.476  3.84%     -  230s
     0     0 -49849.462    0 1275 -51695.877 -49849.462  3.57%     -  277s
     0     0 -49967.084    0 1292 -51695.877 -49967.084  3.34%     -  279s
     0     0 -50062.283    0 1467 -51695.877 -50062.283  3.16%     -  281s
     0     0 -50113.269    0 1873 -51695.877 -50113.269  3.06%     -  282s
     0     0 -50184.804    0 2126 -51695.877 -50184.804  2.92%     -  285s
     0     0 -50277.736    0 2102 -51695.877 -50277.736  2.74%     -  286s
     0     0 -50325.923    0 2123 -51695.877 -50325.923  2.65%     -  289s
     0     0 -50415.873    0 2206 -51695.877 -50415.873  2.48%     -  291s
     0     0 -50452.151    0 2305 -51695.877 -50452.151  2.41%     -  293s
     0     0 -50543.230    0 2552 -51695.877 -50543.230  2.23%     -  295s
     0     0 -50575.225    0 2620 -51695.877 -50575.225  2.17%     -  297s
     0     0 -50582.526    0 2629 -51695.877 -50582.526  2.15%     -  299s
     0     0 -50616.203    0 2586 -51695.877 -50616.203  2.09%     -  301s
     0     0 -50670.103    0 2737 -51695.877 -50670.103  1.98%     -  303s
     0     0 -50690.067    0 2540 -51695.877 -50690.067  1.95%     -  310s
     0     0 -50712.473    0 2795 -51695.877 -50712.473  1.90%     -  313s
     0     0 -50730.910    0 2655 -51695.877 -50730.910  1.87%     -  316s
     0     0 -50747.758    0 2661 -51695.877 -50747.758  1.83%     -  318s
     0     0 -50772.929    0 2778 -51695.877 -50772.929  1.79%     -  322s
H    0     0                    -51269.72943 -50772.929  0.97%     -  322s
     0     0 -50776.720    0 2487 -51269.729 -50776.720  0.96%     -  324s
     0     0 -50776.720    0  877 -51269.729 -50776.720  0.96%     -  327s
     0     0 -50776.720    0 1693 -51269.729 -50776.720  0.96%     -  331s
     0     0 -50777.429    0 1791 -51269.729 -50777.429  0.96%     -  335s
     0     0 -50804.263    0 1862 -51269.729 -50804.263  0.91%     -  336s
     0     0 -50834.363    0 1804 -51269.729 -50834.363  0.85%     -  339s
     0     0 -50866.084    0 1821 -51269.729 -50866.084  0.79%     -  341s
     0     0 -50887.666    0 1875 -51269.729 -50887.666  0.75%     -  343s
     0     0 -50900.083    0 1828 -51269.729 -50900.083  0.72%     -  345s
     0     0 -50920.015    0 1890 -51269.729 -50920.015  0.68%     -  347s
     0     0 -50936.502    0 1889 -51269.729 -50936.502  0.65%     -  349s
     0     0 -50951.523    0 1747 -51269.729 -50951.523  0.62%     -  351s
     0     0 -50963.734    0 1910 -51269.729 -50963.734  0.60%     -  352s
     0     0 -50963.801    0 1905 -51269.729 -50963.801  0.60%     -  354s
     0     2 -50963.801    0 1905 -51269.729 -50963.801  0.60%     -  366s
     1     4 -51087.545    1 1626 -51269.729 -50964.009  0.60%  8976  376s
     3     3 -51190.535    2 1626 -51269.729 -51087.788  0.35%  5153  381s

Cutting planes:
  Gomory: 5
  Zero half: 320

Explored 7 nodes (173894 simplex iterations) in 383.13 seconds
Thread count was 4 (of 4 available processors)

Optimal solution found (tolerance 1.00e-04)
Best objective -5.126972942611e+04, best bound -5.126972942611e+04, gap 0.0%

Gurobi 6.0.3 (win64) logging started 02/22/16 08:07:33


Gurobi 6.0.3 (win64) logging started 02/22/16 08:10:14


Gurobi 6.0.3 (win64) logging started 02/22/16 08:10:32


Gurobi 6.0.3 (win64) logging started 02/22/16 08:11:13


Gurobi 6.0.3 (win64) logging started 02/22/16 08:15:12

Optimize a model with 2080 rows, 7210 columns and 17500 nonzeros
Coefficient statistics:
  Matrix range    [1e+00, 1e+00]
  Objective range [8e+00, 2e+03]
  Bounds range    [1e+00, 1e+00]
  RHS range       [1e+00, 3e+00]
Found heuristic solution: objective -9349.49
Presolve removed 1911 rows and 6895 columns
Presolve time: 0.03s
Presolved: 169 rows, 315 columns, 931 nonzeros
Variable types: 0 continuous, 315 integer (315 binary)

Root relaxation: objective -4.155782e+03, 86 iterations, 0.00 seconds

    Nodes    |    Current Node    |     Objective Bounds      |     Work
 Expl Unexpl |  Obj  Depth IntInf | Incumbent    BestBd   Gap | It/Node Time

*    0     0               0    -4155.781703 -4155.7817  0.00%     -    0s

Explored 0 nodes (86 simplex iterations) in 0.04 seconds
Thread count was 4 (of 4 available processors)

Optimal solution found (tolerance 1.00e-04)
Best objective -4.155781702841e+03, best bound -4.155781702841e+03, gap 0.0%
Optimize a model with 2080 rows, 7210 columns and 17500 nonzeros
Coefficient statistics:
  Matrix range    [1e+00, 1e+00]
  Objective range [1e-01, 4e+04]
  Bounds range    [1e+00, 1e+00]
  RHS range       [1e+00, 3e+00]
Found heuristic solution: objective 2.40988e+07
Presolve removed 1875 rows and 6927 columns
Presolve time: 0.03s
Presolved: 205 rows, 283 columns, 853 nonzeros

Loaded MIP start with objective 2.4108e+07

Variable types: 0 continuous, 283 integer (283 binary)

Root relaxation: objective 2.413949e+07, 126 iterations, 0.00 seconds

    Nodes    |    Current Node    |     Objective Bounds      |     Work
 Expl Unexpl |  Obj  Depth IntInf | Incumbent    BestBd   Gap | It/Node Time

*    0     0               0    2.413949e+07 2.4139e+07  0.00%     -    0s

Explored 0 nodes (126 simplex iterations) in 0.03 seconds
Thread count was 4 (of 4 available processors)

Optimal solution found (tolerance 1.00e-04)
Best objective 2.413948807427e+07, best bound 2.413948807427e+07, gap 0.0%
Optimize a model with 2080 rows, 7210 columns and 17500 nonzeros
Coefficient statistics:
  Matrix range    [1e+00, 1e+00]
  Objective range [2e+02, 6e+05]
  Bounds range    [1e+00, 1e+00]
  RHS range       [1e+00, 3e+00]
Found heuristic solution: objective -1.29334e+07
Presolve removed 1827 rows and 6903 columns
Presolve time: 0.03s
Presolved: 253 rows, 307 columns, 949 nonzeros

Loaded MIP start with objective -1.28452e+07

Variable types: 0 continuous, 307 integer (307 binary)

Root relaxation: objective -1.284227e+07, 197 iterations, 0.00 seconds

    Nodes    |    Current Node    |     Objective Bounds      |     Work
 Expl Unexpl |  Obj  Depth IntInf | Incumbent    BestBd   Gap | It/Node Time

     0     0 -1.284e+07    0  104 -1.285e+07 -1.284e+07  0.02%     -    0s
H    0     0                    -1.28439e+07 -1.284e+07  0.01%     -    0s
*    0     0               0    -1.28436e+07 -1.284e+07  0.00%     -    0s

Explored 0 nodes (223 simplex iterations) in 0.05 seconds
Thread count was 4 (of 4 available processors)

Optimal solution found (tolerance 1.00e-04)
Best objective -1.284355803519e+07, best bound -1.284355803519e+07, gap 0.0%
Optimize a model with 2080 rows, 7210 columns and 17500 nonzeros
Coefficient statistics:
  Matrix range    [1e+00, 1e+00]
  Objective range [9e-02, 3e+05]
  Bounds range    [1e+00, 1e+00]
  RHS range       [1e+00, 3e+00]
Found heuristic solution: objective 1.27566e+07
Presolve removed 1837 rows and 6908 columns
Presolve time: 0.02s
Presolved: 243 rows, 302 columns, 929 nonzeros

Loaded MIP start with objective 1.28207e+07

Variable types: 0 continuous, 302 integer (302 binary)

Root relaxation: objective 1.282076e+07, 176 iterations, 0.00 seconds

    Nodes    |    Current Node    |     Objective Bounds      |     Work
 Expl Unexpl |  Obj  Depth IntInf | Incumbent    BestBd   Gap | It/Node Time

     0     0 1.2821e+07    0   35 1.2821e+07 1.2821e+07  0.00%     -    0s

Explored 0 nodes (186 simplex iterations) in 0.03 seconds
Thread count was 4 (of 4 available processors)

Optimal solution found (tolerance 1.00e-04)
Best objective 1.282068525452e+07, best bound 1.282076062142e+07, gap 0.0006%
Optimize a model with 2080 rows, 7210 columns and 17500 nonzeros
Coefficient statistics:
  Matrix range    [1e+00, 1e+00]
  Objective range [2e+02, 6e+05]
  Bounds range    [1e+00, 1e+00]
  RHS range       [1e+00, 3e+00]
Found heuristic solution: objective -1.29334e+07
Presolve removed 1827 rows and 6903 columns
Presolve time: 0.03s
Presolved: 253 rows, 307 columns, 949 nonzeros

Loaded MIP start with objective -1.28436e+07

Variable types: 0 continuous, 307 integer (307 binary)

Root relaxation: objective -1.284227e+07, 197 iterations, 0.00 seconds

    Nodes    |    Current Node    |     Objective Bounds      |     Work
 Expl Unexpl |  Obj  Depth IntInf | Incumbent    BestBd   Gap | It/Node Time

     0     0 -1.284e+07    0  104 -1.284e+07 -1.284e+07  0.01%     -    0s
     0     0     cutoff    0      -1.284e+07 -1.284e+07  0.00%     -    0s

Explored 0 nodes (222 simplex iterations) in 0.05 seconds
Thread count was 4 (of 4 available processors)

Optimal solution found (tolerance 1.00e-04)
Best objective -1.284355803519e+07, best bound -1.284355803519e+07, gap 0.0%
Optimize a model with 2080 rows, 7210 columns and 17500 nonzeros
Coefficient statistics:
  Matrix range    [1e+00, 1e+00]
  Objective range [9e-02, 3e+05]
  Bounds range    [1e+00, 1e+00]
  RHS range       [1e+00, 3e+00]
Found heuristic solution: objective 1.27566e+07
Presolve removed 1837 rows and 6908 columns
Presolve time: 0.02s
Presolved: 243 rows, 302 columns, 929 nonzeros

Loaded MIP start with objective 1.28207e+07

Variable types: 0 continuous, 302 integer (302 binary)

Root relaxation: objective 1.282076e+07, 176 iterations, 0.00 seconds

    Nodes    |    Current Node    |     Objective Bounds      |     Work
 Expl Unexpl |  Obj  Depth IntInf | Incumbent    BestBd   Gap | It/Node Time

     0     0 1.2821e+07    0   35 1.2821e+07 1.2821e+07  0.00%     -    0s

Explored 0 nodes (186 simplex iterations) in 0.03 seconds
Thread count was 4 (of 4 available processors)

Optimal solution found (tolerance 1.00e-04)
Best objective 1.282068525452e+07, best bound 1.282076062142e+07, gap 0.0006%
Optimize a model with 2080 rows, 7210 columns and 17500 nonzeros
Coefficient statistics:
  Matrix range    [1e+00, 1e+00]
  Objective range [2e+02, 6e+05]
  Bounds range    [1e+00, 1e+00]
  RHS range       [1e+00, 3e+00]
Found heuristic solution: objective -1.29334e+07
Presolve removed 1827 rows and 6903 columns
Presolve time: 0.02s
Presolved: 253 rows, 307 columns, 949 nonzeros

Loaded MIP start with objective -1.28436e+07

Variable types: 0 continuous, 307 integer (307 binary)

Root relaxation: objective -1.284227e+07, 197 iterations, 0.00 seconds

    Nodes    |    Current Node    |     Objective Bounds      |     Work
 Expl Unexpl |  Obj  Depth IntInf | Incumbent    BestBd   Gap | It/Node Time

     0     0 -1.284e+07    0  104 -1.284e+07 -1.284e+07  0.01%     -    0s
     0     0     cutoff    0      -1.284e+07 -1.284e+07  0.00%     -    0s

Explored 0 nodes (222 simplex iterations) in 0.05 seconds
Thread count was 4 (of 4 available processors)

Optimal solution found (tolerance 1.00e-04)
Best objective -1.284355803519e+07, best bound -1.284355803519e+07, gap 0.0%
Optimize a model with 2080 rows, 7210 columns and 17500 nonzeros
Coefficient statistics:
  Matrix range    [1e+00, 1e+00]
  Objective range [9e-02, 3e+05]
  Bounds range    [1e+00, 1e+00]
  RHS range       [1e+00, 3e+00]
Found heuristic solution: objective 1.27566e+07
Presolve removed 1837 rows and 6908 columns
Presolve time: 0.02s
Presolved: 243 rows, 302 columns, 929 nonzeros

Loaded MIP start with objective 1.28207e+07

Variable types: 0 continuous, 302 integer (302 binary)

Root relaxation: objective 1.282076e+07, 176 iterations, 0.00 seconds

    Nodes    |    Current Node    |     Objective Bounds      |     Work
 Expl Unexpl |  Obj  Depth IntInf | Incumbent    BestBd   Gap | It/Node Time

     0     0 1.2821e+07    0   35 1.2821e+07 1.2821e+07  0.00%     -    0s

Explored 0 nodes (186 simplex iterations) in 0.03 seconds
Thread count was 4 (of 4 available processors)

Optimal solution found (tolerance 1.00e-04)
Best objective 1.282068525452e+07, best bound 1.282076062142e+07, gap 0.0006%
Optimize a model with 2080 rows, 7210 columns and 17500 nonzeros
Coefficient statistics:
  Matrix range    [1e+00, 1e+00]
  Objective range [2e+02, 6e+05]
  Bounds range    [1e+00, 1e+00]
  RHS range       [1e+00, 3e+00]
Found heuristic solution: objective -1.29334e+07
Presolve removed 1827 rows and 6903 columns
Presolve time: 0.02s
Presolved: 253 rows, 307 columns, 949 nonzeros

Loaded MIP start with objective -1.28436e+07

Variable types: 0 continuous, 307 integer (307 binary)

Root relaxation: objective -1.284227e+07, 197 iterations, 0.00 seconds

    Nodes    |    Current Node    |     Objective Bounds      |     Work
 Expl Unexpl |  Obj  Depth IntInf | Incumbent    BestBd   Gap | It/Node Time

     0     0 -1.284e+07    0  104 -1.284e+07 -1.284e+07  0.01%     -    0s
     0     0     cutoff    0      -1.284e+07 -1.284e+07  0.00%     -    0s

Explored 0 nodes (222 simplex iterations) in 0.05 seconds
Thread count was 4 (of 4 available processors)

Optimal solution found (tolerance 1.00e-04)
Best objective -1.284355803519e+07, best bound -1.284355803519e+07, gap 0.0%
Optimize a model with 2080 rows, 7210 columns and 17500 nonzeros
Coefficient statistics:
  Matrix range    [1e+00, 1e+00]
  Objective range [9e-02, 3e+05]
  Bounds range    [1e+00, 1e+00]
  RHS range       [1e+00, 3e+00]
Found heuristic solution: objective 1.27566e+07
Presolve removed 1837 rows and 6908 columns
Presolve time: 0.02s
Presolved: 243 rows, 302 columns, 929 nonzeros

Loaded MIP start with objective 1.28207e+07

Variable types: 0 continuous, 302 integer (302 binary)

Root relaxation: objective 1.282076e+07, 176 iterations, 0.00 seconds

    Nodes    |    Current Node    |     Objective Bounds      |     Work
 Expl Unexpl |  Obj  Depth IntInf | Incumbent    BestBd   Gap | It/Node Time

     0     0 1.2821e+07    0   35 1.2821e+07 1.2821e+07  0.00%     -    0s

Explored 0 nodes (186 simplex iterations) in 0.03 seconds
Thread count was 4 (of 4 available processors)

Optimal solution found (tolerance 1.00e-04)
Best objective 1.282068525452e+07, best bound 1.282076062142e+07, gap 0.0006%
Optimize a model with 2080 rows, 7210 columns and 17500 nonzeros
Coefficient statistics:
  Matrix range    [1e+00, 1e+00]
  Objective range [2e+02, 6e+05]
  Bounds range    [1e+00, 1e+00]
  RHS range       [1e+00, 3e+00]
Found heuristic solution: objective -1.29334e+07
Presolve removed 1827 rows and 6903 columns
Presolve time: 0.02s
Presolved: 253 rows, 307 columns, 949 nonzeros

Loaded MIP start with objective -1.28436e+07

Variable types: 0 continuous, 307 integer (307 binary)

Root relaxation: objective -1.284227e+07, 197 iterations, 0.00 seconds

    Nodes    |    Current Node    |     Objective Bounds      |     Work
 Expl Unexpl |  Obj  Depth IntInf | Incumbent    BestBd   Gap | It/Node Time

     0     0 -1.284e+07    0  104 -1.284e+07 -1.284e+07  0.01%     -    0s
     0     0     cutoff    0      -1.284e+07 -1.284e+07  0.00%     -    0s

Explored 0 nodes (222 simplex iterations) in 0.05 seconds
Thread count was 4 (of 4 available processors)

Optimal solution found (tolerance 1.00e-04)
Best objective -1.284355803519e+07, best bound -1.284355803519e+07, gap 0.0%
Optimize a model with 2080 rows, 7210 columns and 17500 nonzeros
Coefficient statistics:
  Matrix range    [1e+00, 1e+00]
  Objective range [9e-02, 3e+05]
  Bounds range    [1e+00, 1e+00]
  RHS range       [1e+00, 3e+00]
Found heuristic solution: objective 1.27566e+07
Presolve removed 1837 rows and 6908 columns
Presolve time: 0.02s
Presolved: 243 rows, 302 columns, 929 nonzeros

Loaded MIP start with objective 1.28207e+07

Variable types: 0 continuous, 302 integer (302 binary)

Root relaxation: objective 1.282076e+07, 176 iterations, 0.00 seconds

    Nodes    |    Current Node    |     Objective Bounds      |     Work
 Expl Unexpl |  Obj  Depth IntInf | Incumbent    BestBd   Gap | It/Node Time

     0     0 1.2821e+07    0   35 1.2821e+07 1.2821e+07  0.00%     -    0s

Explored 0 nodes (186 simplex iterations) in 0.03 seconds
Thread count was 4 (of 4 available processors)

Optimal solution found (tolerance 1.00e-04)
Best objective 1.282068525452e+07, best bound 1.282076062142e+07, gap 0.0006%
Optimize a model with 2080 rows, 7210 columns and 17500 nonzeros
Coefficient statistics:
  Matrix range    [1e+00, 1e+00]
  Objective range [2e+02, 6e+05]
  Bounds range    [1e+00, 1e+00]
  RHS range       [1e+00, 3e+00]
Found heuristic solution: objective -1.29334e+07
Presolve removed 1827 rows and 6903 columns
Presolve time: 0.03s
Presolved: 253 rows, 307 columns, 949 nonzeros

Loaded MIP start with objective -1.28436e+07

Variable types: 0 continuous, 307 integer (307 binary)

Root relaxation: objective -1.284227e+07, 197 iterations, 0.00 seconds

    Nodes    |    Current Node    |     Objective Bounds      |     Work
 Expl Unexpl |  Obj  Depth IntInf | Incumbent    BestBd   Gap | It/Node Time

     0     0 -1.284e+07    0  104 -1.284e+07 -1.284e+07  0.01%     -    0s
     0     0     cutoff    0      -1.284e+07 -1.284e+07  0.00%     -    0s

Explored 0 nodes (222 simplex iterations) in 0.05 seconds
Thread count was 4 (of 4 available processors)

Optimal solution found (tolerance 1.00e-04)
Best objective -1.284355803519e+07, best bound -1.284355803519e+07, gap 0.0%
Optimize a model with 2080 rows, 7210 columns and 17500 nonzeros
Coefficient statistics:
  Matrix range    [1e+00, 1e+00]
  Objective range [9e-02, 3e+05]
  Bounds range    [1e+00, 1e+00]
  RHS range       [1e+00, 3e+00]
Found heuristic solution: objective 1.27566e+07
Presolve removed 1837 rows and 6908 columns
Presolve time: 0.03s
Presolved: 243 rows, 302 columns, 929 nonzeros

Loaded MIP start with objective 1.28207e+07

Variable types: 0 continuous, 302 integer (302 binary)

Root relaxation: objective 1.282076e+07, 176 iterations, 0.00 seconds

    Nodes    |    Current Node    |     Objective Bounds      |     Work
 Expl Unexpl |  Obj  Depth IntInf | Incumbent    BestBd   Gap | It/Node Time

     0     0 1.2821e+07    0   35 1.2821e+07 1.2821e+07  0.00%     -    0s

Explored 0 nodes (186 simplex iterations) in 0.04 seconds
Thread count was 4 (of 4 available processors)

Optimal solution found (tolerance 1.00e-04)
Best objective 1.282068525452e+07, best bound 1.282076062142e+07, gap 0.0006%
Optimize a model with 2080 rows, 7210 columns and 17500 nonzeros
Coefficient statistics:
  Matrix range    [1e+00, 1e+00]
  Objective range [2e+02, 6e+05]
  Bounds range    [1e+00, 1e+00]
  RHS range       [1e+00, 3e+00]
Found heuristic solution: objective -1.29334e+07
Presolve removed 1827 rows and 6903 columns
Presolve time: 0.03s
Presolved: 253 rows, 307 columns, 949 nonzeros

Loaded MIP start with objective -1.28436e+07

Variable types: 0 continuous, 307 integer (307 binary)

Root relaxation: objective -1.284227e+07, 197 iterations, 0.00 seconds

    Nodes    |    Current Node    |     Objective Bounds      |     Work
 Expl Unexpl |  Obj  Depth IntInf | Incumbent    BestBd   Gap | It/Node Time

     0     0 -1.284e+07    0  104 -1.284e+07 -1.284e+07  0.01%     -    0s
     0     0     cutoff    0      -1.284e+07 -1.284e+07  0.00%     -    0s

Explored 0 nodes (222 simplex iterations) in 0.05 seconds
Thread count was 4 (of 4 available processors)

Optimal solution found (tolerance 1.00e-04)
Best objective -1.284355803519e+07, best bound -1.284355803519e+07, gap 0.0%
Optimize a model with 2080 rows, 7210 columns and 17500 nonzeros
Coefficient statistics:
  Matrix range    [1e+00, 1e+00]
  Objective range [9e-02, 3e+05]
  Bounds range    [1e+00, 1e+00]
  RHS range       [1e+00, 3e+00]
Found heuristic solution: objective 1.27566e+07
Presolve removed 1837 rows and 6908 columns
Presolve time: 0.03s
Presolved: 243 rows, 302 columns, 929 nonzeros

Loaded MIP start with objective 1.28207e+07

Variable types: 0 continuous, 302 integer (302 binary)

Root relaxation: objective 1.282076e+07, 176 iterations, 0.00 seconds

    Nodes    |    Current Node    |     Objective Bounds      |     Work
 Expl Unexpl |  Obj  Depth IntInf | Incumbent    BestBd   Gap | It/Node Time

     0     0 1.2821e+07    0   35 1.2821e+07 1.2821e+07  0.00%     -    0s

Explored 0 nodes (186 simplex iterations) in 0.04 seconds
Thread count was 4 (of 4 available processors)

Optimal solution found (tolerance 1.00e-04)
Best objective 1.282068525452e+07, best bound 1.282076062142e+07, gap 0.0006%
Optimize a model with 2080 rows, 7210 columns and 17500 nonzeros
Coefficient statistics:
  Matrix range    [1e+00, 1e+00]
  Objective range [2e+02, 6e+05]
  Bounds range    [1e+00, 1e+00]
  RHS range       [1e+00, 3e+00]
Found heuristic solution: objective -1.29334e+07
Presolve removed 1827 rows and 6903 columns
Presolve time: 0.03s
Presolved: 253 rows, 307 columns, 949 nonzeros

Loaded MIP start with objective -1.28436e+07

Variable types: 0 continuous, 307 integer (307 binary)

Root relaxation: objective -1.284227e+07, 197 iterations, 0.00 seconds

    Nodes    |    Current Node    |     Objective Bounds      |     Work
 Expl Unexpl |  Obj  Depth IntInf | Incumbent    BestBd   Gap | It/Node Time

     0     0 -1.284e+07    0  104 -1.284e+07 -1.284e+07  0.01%     -    0s
     0     0     cutoff    0      -1.284e+07 -1.284e+07  0.00%     -    0s

Explored 0 nodes (222 simplex iterations) in 0.05 seconds
Thread count was 4 (of 4 available processors)

Optimal solution found (tolerance 1.00e-04)
Best objective -1.284355803519e+07, best bound -1.284355803519e+07, gap 0.0%
Optimize a model with 2080 rows, 7210 columns and 17500 nonzeros
Coefficient statistics:
  Matrix range    [1e+00, 1e+00]
  Objective range [9e-02, 3e+05]
  Bounds range    [1e+00, 1e+00]
  RHS range       [1e+00, 3e+00]
Found heuristic solution: objective 1.27566e+07
Presolve removed 1837 rows and 6908 columns
Presolve time: 0.02s
Presolved: 243 rows, 302 columns, 929 nonzeros

Loaded MIP start with objective 1.28207e+07

Variable types: 0 continuous, 302 integer (302 binary)

Root relaxation: objective 1.282076e+07, 176 iterations, 0.00 seconds

    Nodes    |    Current Node    |     Objective Bounds      |     Work
 Expl Unexpl |  Obj  Depth IntInf | Incumbent    BestBd   Gap | It/Node Time

     0     0 1.2821e+07    0   35 1.2821e+07 1.2821e+07  0.00%     -    0s

Explored 0 nodes (186 simplex iterations) in 0.03 seconds
Thread count was 4 (of 4 available processors)

Optimal solution found (tolerance 1.00e-04)
Best objective 1.282068525452e+07, best bound 1.282076062142e+07, gap 0.0006%
Optimize a model with 2080 rows, 7210 columns and 17500 nonzeros
Coefficient statistics:
  Matrix range    [1e+00, 1e+00]
  Objective range [8e+01, 5e+05]
  Bounds range    [1e+00, 1e+00]
  RHS range       [1e+00, 3e+00]
Found heuristic solution: objective -88394.5
Presolve removed 1827 rows and 6903 columns
Presolve time: 0.02s
Presolved: 253 rows, 307 columns, 949 nonzeros

Loaded MIP start with objective -11436.4

Variable types: 0 continuous, 307 integer (307 binary)

Root relaxation: objective -1.085898e+04, 199 iterations, 0.00 seconds

    Nodes    |    Current Node    |     Objective Bounds      |     Work
 Expl Unexpl |  Obj  Depth IntInf | Incumbent    BestBd   Gap | It/Node Time

     0     0 -10858.978    0   81 -11436.390 -10858.978  5.05%     -    0s
     0     0     cutoff    0      -11436.390 -11436.390  0.00%     -    0s

Explored 0 nodes (211 simplex iterations) in 0.06 seconds
Thread count was 4 (of 4 available processors)

Optimal solution found (tolerance 1.00e-04)
Best objective -1.143639033483e+04, best bound -1.143639033483e+04, gap 0.0%
Optimize a model with 2081 rows, 7210 columns and 17501 nonzeros
Coefficient statistics:
  Matrix range    [1e+00, 1e+00]
  Objective range [8e+01, 5e+05]
  Bounds range    [1e+00, 1e+00]
  RHS range       [1e+00, 3e+00]
Found heuristic solution: objective -88394.5
Presolve removed 1949 rows and 7091 columns
Presolve time: 0.02s
Presolved: 132 rows, 119 columns, 649 nonzeros

Loaded MIP start with objective -11436.4

Found heuristic solution: objective -11436.39033
Variable types: 0 continuous, 119 integer (119 binary)

Root relaxation: cutoff, 107 iterations, 0.00 seconds

    Nodes    |    Current Node    |     Objective Bounds      |     Work
 Expl Unexpl |  Obj  Depth IntInf | Incumbent    BestBd   Gap | It/Node Time

     0     0     cutoff    0      -11436.390 -11436.390  0.00%     -    0s

Explored 0 nodes (107 simplex iterations) in 0.03 seconds
Thread count was 4 (of 4 available processors)

Optimal solution found (tolerance 1.00e-04)
Best objective -1.143639033483e+04, best bound -1.143639033483e+04, gap 0.0%
Optimize a model with 2081 rows, 7210 columns and 17501 nonzeros
Coefficient statistics:
  Matrix range    [1e+00, 1e+00]
  Objective range [8e+01, 5e+05]
  Bounds range    [1e+00, 1e+00]
  RHS range       [1e+00, 3e+00]
Found heuristic solution: objective -88394.5
Presolve removed 1949 rows and 7091 columns
Presolve time: 0.04s
Presolved: 132 rows, 119 columns, 649 nonzeros

Loaded MIP start with objective -11436.4

Found heuristic solution: objective -11436.39033
Variable types: 0 continuous, 119 integer (119 binary)

Root relaxation: cutoff, 107 iterations, 0.00 seconds

    Nodes    |    Current Node    |     Objective Bounds      |     Work
 Expl Unexpl |  Obj  Depth IntInf | Incumbent    BestBd   Gap | It/Node Time

     0     0     cutoff    0      -11436.390 -11436.390  0.00%     -    0s

Explored 0 nodes (107 simplex iterations) in 0.05 seconds
Thread count was 4 (of 4 available processors)

Optimal solution found (tolerance 1.00e-04)
Best objective -1.143639033482e+04, best bound -1.143639033482e+04, gap 0.0000%
Optimize a model with 2081 rows, 7210 columns and 17501 nonzeros
Coefficient statistics:
  Matrix range    [1e+00, 1e+00]
  Objective range [8e+01, 5e+05]
  Bounds range    [1e+00, 1e+00]
  RHS range       [1e+00, 3e+00]
Found heuristic solution: objective -134636
Presolve removed 1873 rows and 6965 columns
Presolve time: 0.02s
Presolved: 208 rows, 245 columns, 753 nonzeros

MIP start did not produce a new incumbent solution
MIP start violates constraint R2081 by 1.00

Variable types: 0 continuous, 245 integer (245 binary)

Root relaxation: objective -5.898686e+04, 179 iterations, 0.00 seconds

    Nodes    |    Current Node    |     Objective Bounds      |     Work
 Expl Unexpl |  Obj  Depth IntInf | Incumbent    BestBd   Gap | It/Node Time

     0     0 -58986.862    0   83 -134635.62 -58986.862  56.2%     -    0s
H    0     0                    -63368.62437 -58986.862  6.91%     -    0s
H    0     0                    -60861.93661 -58986.862  3.08%     -    0s
     0     0 -59384.281    0   80 -60861.937 -59384.281  2.43%     -    0s
H    0     0                    -60567.57326 -59384.281  1.95%     -    0s
     0     0 -59981.794    0   81 -60567.573 -59981.794  0.97%     -    0s
     0     0 -60120.856    0   81 -60567.573 -60120.856  0.74%     -    0s
     0     0 -60147.685    0   80 -60567.573 -60147.685  0.69%     -    0s
     0     0     cutoff    0      -60567.573 -60567.573  0.00%     -    0s

Explored 0 nodes (270 simplex iterations) in 0.07 seconds
Thread count was 4 (of 4 available processors)

Optimal solution found (tolerance 1.00e-04)
Best objective -6.056757325892e+04, best bound -6.056757325892e+04, gap 0.0000%
Optimize a model with 2081 rows, 7210 columns and 17501 nonzeros
Coefficient statistics:
  Matrix range    [1e+00, 1e+00]
  Objective range [8e+01, 5e+05]
  Bounds range    [1e+00, 1e+00]
  RHS range       [1e+00, 3e+00]
Found heuristic solution: objective -85446.9
Presolve removed 1873 rows and 6965 columns
Presolve time: 0.02s
Presolved: 208 rows, 245 columns, 753 nonzeros

Loaded MIP start with objective -11436.4

Variable types: 0 continuous, 245 integer (245 binary)

Root relaxation: objective -9.857631e+03, 178 iterations, 0.00 seconds

    Nodes    |    Current Node    |     Objective Bounds      |     Work
 Expl Unexpl |  Obj  Depth IntInf | Incumbent    BestBd   Gap | It/Node Time

     0     0 -9857.6312    0   83 -11436.390 -9857.6312  13.8%     -    0s
     0     0 -10254.427    0   80 -11436.390 -10254.427  10.3%     -    0s
     0     0 -10851.717    0   81 -11436.390 -10851.717  5.11%     -    0s
     0     0 -11012.032    0   81 -11436.390 -11012.032  3.71%     -    0s
     0     0 -11124.038    0   79 -11436.390 -11124.038  2.73%     -    0s
     0     0     cutoff    0      -11436.390 -11436.390  0.00%     -    0s

Explored 0 nodes (267 simplex iterations) in 0.07 seconds
Thread count was 4 (of 4 available processors)

Optimal solution found (tolerance 1.00e-04)
Best objective -1.143639033487e+04, best bound -1.143639033487e+04, gap 0.0%
Optimize a model with 2081 rows, 7210 columns and 17501 nonzeros
Coefficient statistics:
  Matrix range    [1e+00, 1e+00]
  Objective range [8e+01, 5e+05]
  Bounds range    [1e+00, 1e+00]
  RHS range       [1e+00, 3e+00]
Found heuristic solution: objective -85446.9
Presolve removed 1873 rows and 6965 columns
Presolve time: 0.02s
Presolved: 208 rows, 245 columns, 753 nonzeros

Loaded MIP start with objective -11436.4

Variable types: 0 continuous, 245 integer (245 binary)

Root relaxation: objective -9.857631e+03, 178 iterations, 0.00 seconds

    Nodes    |    Current Node    |     Objective Bounds      |     Work
 Expl Unexpl |  Obj  Depth IntInf | Incumbent    BestBd   Gap | It/Node Time

     0     0 -9857.6312    0   83 -11436.390 -9857.6312  13.8%     -    0s
     0     0 -10254.427    0   80 -11436.390 -10254.427  10.3%     -    0s
     0     0 -10851.717    0   81 -11436.390 -10851.717  5.11%     -    0s
     0     0 -11012.032    0   81 -11436.390 -11012.032  3.71%     -    0s
     0     0 -11124.038    0   79 -11436.390 -11124.038  2.73%     -    0s
     0     0     cutoff    0      -11436.390 -11436.390  0.00%     -    0s

Explored 0 nodes (267 simplex iterations) in 0.07 seconds
Thread count was 4 (of 4 available processors)

Optimal solution found (tolerance 1.00e-04)
Best objective -1.143639033482e+04, best bound -1.143639033482e+04, gap 0.0000%
Optimize a model with 2081 rows, 7210 columns and 17501 nonzeros
Coefficient statistics:
  Matrix range    [1e+00, 1e+00]
  Objective range [8e+01, 5e+05]
  Bounds range    [1e+00, 1e+00]
  RHS range       [1e+00, 3e+00]
Found heuristic solution: objective -85446.9
Presolve removed 1873 rows and 6965 columns
Presolve time: 0.02s
Presolved: 208 rows, 245 columns, 753 nonzeros

Loaded MIP start with objective -11436.4

Variable types: 0 continuous, 245 integer (245 binary)

Root relaxation: objective -9.857631e+03, 178 iterations, 0.00 seconds

    Nodes    |    Current Node    |     Objective Bounds      |     Work
 Expl Unexpl |  Obj  Depth IntInf | Incumbent    BestBd   Gap | It/Node Time

     0     0 -9857.6312    0   83 -11436.390 -9857.6312  13.8%     -    0s
     0     0 -10254.427    0   80 -11436.390 -10254.427  10.3%     -    0s
     0     0 -10851.717    0   81 -11436.390 -10851.717  5.11%     -    0s
     0     0 -11012.032    0   81 -11436.390 -11012.032  3.71%     -    0s
     0     0 -11124.038    0   79 -11436.390 -11124.038  2.73%     -    0s
     0     0     cutoff    0      -11436.390 -11436.390  0.00%     -    0s

Explored 0 nodes (267 simplex iterations) in 0.07 seconds
Thread count was 4 (of 4 available processors)

Optimal solution found (tolerance 1.00e-04)
Best objective -1.143639033481e+04, best bound -1.143639033481e+04, gap 0.0%
Optimize a model with 2081 rows, 7210 columns and 17501 nonzeros
Coefficient statistics:
  Matrix range    [1e+00, 1e+00]
  Objective range [8e+01, 5e+05]
  Bounds range    [1e+00, 1e+00]
  RHS range       [1e+00, 3e+00]
Found heuristic solution: objective -85446.9
Presolve removed 1873 rows and 6965 columns
Presolve time: 0.02s
Presolved: 208 rows, 245 columns, 753 nonzeros

Loaded MIP start with objective -11436.4

Variable types: 0 continuous, 245 integer (245 binary)

Root relaxation: objective -9.857631e+03, 178 iterations, 0.00 seconds

    Nodes    |    Current Node    |     Objective Bounds      |     Work
 Expl Unexpl |  Obj  Depth IntInf | Incumbent    BestBd   Gap | It/Node Time

     0     0 -9857.6312    0   83 -11436.390 -9857.6312  13.8%     -    0s
     0     0 -10254.427    0   80 -11436.390 -10254.427  10.3%     -    0s
     0     0 -10851.717    0   81 -11436.390 -10851.717  5.11%     -    0s
     0     0 -11012.032    0   81 -11436.390 -11012.032  3.71%     -    0s
     0     0 -11124.038    0   79 -11436.390 -11124.038  2.73%     -    0s
     0     0     cutoff    0      -11436.390 -11436.390  0.00%     -    0s

Explored 0 nodes (267 simplex iterations) in 0.07 seconds
Thread count was 4 (of 4 available processors)

Optimal solution found (tolerance 1.00e-04)
Best objective -1.143639033479e+04, best bound -1.143639033479e+04, gap 0.0%
Optimize a model with 2081 rows, 7210 columns and 17501 nonzeros
Coefficient statistics:
  Matrix range    [1e+00, 1e+00]
  Objective range [8e+01, 5e+05]
  Bounds range    [1e+00, 1e+00]
  RHS range       [1e+00, 3e+00]
Found heuristic solution: objective -85446.9
Presolve removed 1873 rows and 6965 columns
Presolve time: 0.02s
Presolved: 208 rows, 245 columns, 753 nonzeros

Loaded MIP start with objective -11436.4

Variable types: 0 continuous, 245 integer (245 binary)

Root relaxation: objective -9.857631e+03, 178 iterations, 0.00 seconds

    Nodes    |    Current Node    |     Objective Bounds      |     Work
 Expl Unexpl |  Obj  Depth IntInf | Incumbent    BestBd   Gap | It/Node Time

     0     0 -9857.6312    0   83 -11436.390 -9857.6312  13.8%     -    0s
     0     0 -10254.427    0   80 -11436.390 -10254.427  10.3%     -    0s
     0     0 -10851.717    0   81 -11436.390 -10851.717  5.11%     -    0s
     0     0 -11012.032    0   81 -11436.390 -11012.032  3.71%     -    0s
     0     0 -11124.038    0   79 -11436.390 -11124.038  2.73%     -    0s
     0     0     cutoff    0      -11436.390 -11436.390  0.00%     -    0s

Explored 0 nodes (267 simplex iterations) in 0.07 seconds
Thread count was 4 (of 4 available processors)

Optimal solution found (tolerance 1.00e-04)
Best objective -1.143639033479e+04, best bound -1.143639033479e+04, gap 0.0000%

Gurobi 6.0.3 (win64) logging started 02/22/16 08:15:33


Gurobi 6.0.3 (win64) logging started 02/22/16 08:16:34

